<?xml version="1.0" encoding="UTF-8"?>
<testng-results skipped="0" failed="0" total="1" passed="1">
  <reporter-output>
  </reporter-output>
  <suite name="Myntra Automation" duration-ms="39247" started-at="2019-11-03T16:08:43Z" finished-at="2019-11-03T16:09:23Z">
    <groups>
    </groups>
    <test name="myntra Scenarios" duration-ms="39247" started-at="2019-11-03T16:08:43Z" finished-at="2019-11-03T16:09:23Z">
      <class name="com.myntra.driverscript.Driverscript">
        <test-method status="PASS" signature="startScript()[pri:0, instance:com.myntra.driverscript.Driverscript@12d4bf7e]" name="startScript" is-config="true" duration-ms="17" started-at="2019-11-03T21:38:43Z" finished-at="2019-11-03T21:38:43Z">
          <reporter-output>
          </reporter-output>
        </test-method> <!-- startScript -->
        <test-method status="PASS" signature="loadFiles()[pri:0, instance:com.myntra.driverscript.Driverscript@12d4bf7e]" name="loadFiles" is-config="true" duration-ms="4" started-at="2019-11-03T21:38:43Z" finished-at="2019-11-03T21:38:43Z">
          <reporter-output>
          </reporter-output>
        </test-method> <!-- loadFiles -->
        <test-method status="PASS" signature="executeTestScripts()[pri:0, instance:com.myntra.driverscript.Driverscript@12d4bf7e]" name="executeTestScripts" duration-ms="39229" started-at="2019-11-03T21:38:43Z" finished-at="2019-11-03T21:39:23Z">
          <reporter-output>
          </reporter-output>
        </test-method> <!-- executeTestScripts -->
        <test-method status="PASS" signature="endScript()[pri:0, instance:com.myntra.driverscript.Driverscript@12d4bf7e]" name="endScript" is-config="true" duration-ms="14" started-at="2019-11-03T21:39:23Z" finished-at="2019-11-03T21:39:23Z">
          <reporter-output>
          </reporter-output>
        </test-method> <!-- endScript -->
      </class> <!-- com.myntra.driverscript.Driverscript -->
    </test> <!-- myntra Scenarios -->
  </suite> <!-- Myntra Automation -->
</testng-results>
