<?xml version="1.0" encoding="UTF-8"?>
<testng-results skipped="0" failed="0" ignored="0" total="1" passed="1">
  <reporter-output>
  </reporter-output>
  <suite name="Myntra Automation" duration-ms="26923" started-at="2019-11-03T16:12:43Z" finished-at="2019-11-03T16:13:10Z">
    <groups>
    </groups>
    <test name="myntra Scenarios" duration-ms="26923" started-at="2019-11-03T16:12:43Z" finished-at="2019-11-03T16:13:10Z">
      <class name="com.myntra.driverscript.Driverscript">
        <test-method status="PASS" signature="startScript()[pri:0, instance:com.myntra.driverscript.Driverscript@3bd40a57]" name="startScript" is-config="true" duration-ms="39" started-at="2019-11-03T21:42:43Z" finished-at="2019-11-03T21:42:43Z">
          <reporter-output>
          </reporter-output>
        </test-method> <!-- startScript -->
        <test-method status="PASS" signature="loadFiles()[pri:0, instance:com.myntra.driverscript.Driverscript@3bd40a57]" name="loadFiles" is-config="true" duration-ms="6" started-at="2019-11-03T21:42:43Z" finished-at="2019-11-03T21:42:43Z">
          <reporter-output>
          </reporter-output>
        </test-method> <!-- loadFiles -->
        <test-method status="PASS" signature="executeTestScripts()[pri:0, instance:com.myntra.driverscript.Driverscript@3bd40a57]" name="executeTestScripts" duration-ms="26861" started-at="2019-11-03T21:42:43Z" finished-at="2019-11-03T21:43:10Z">
          <reporter-output>
          </reporter-output>
        </test-method> <!-- executeTestScripts -->
        <test-method status="PASS" signature="endScript()[pri:0, instance:com.myntra.driverscript.Driverscript@3bd40a57]" name="endScript" is-config="true" duration-ms="7" started-at="2019-11-03T21:43:10Z" finished-at="2019-11-03T21:43:10Z">
          <reporter-output>
          </reporter-output>
        </test-method> <!-- endScript -->
      </class> <!-- com.myntra.driverscript.Driverscript -->
    </test> <!-- myntra Scenarios -->
  </suite> <!-- Myntra Automation -->
</testng-results>
